[2024-02-20 11:08:02] local.ERROR: could not find driver (Connection: mysql, SQL: select table_name as `name`, (data_length + index_length) as `size`, table_comment as `comment`, engine as `engine`, table_collation as `collation` from information_schema.tables where table_schema = 'ecommercewebsite' and table_type in ('BASE TABLE', 'SYSTEM VERSIONED') order by table_name) {"exception":"[object] (Illuminate\\Database\\QueryException(code: 0): could not find driver (Connection: mysql, SQL: select table_name as `name`, (data_length + index_length) as `size`, table_comment as `comment`, engine as `engine`, table_collation as `collation` from information_schema.tables where table_schema = 'ecommercewebsite' and table_type in ('BASE TABLE', 'SYSTEM VERSIONED') order by table_name) at /mnt/c/Users/user/Documents/laravel/hannibal/Hannibal-laravel/backend/vendor/laravel/framework/src/Illuminate/Database/Connection.php:829)
[stacktrace]
#0 /mnt/c/Users/user/Documents/laravel/hannibal/Hannibal-laravel/backend/vendor/laravel/framework/src/Illuminate/Database/Connection.php(783): Illuminate\\Database\\Connection->runQueryCallback()
#1 /mnt/c/Users/user/Documents/laravel/hannibal/Hannibal-laravel/backend/vendor/laravel/framework/src/Illuminate/Database/Connection.php(414): Illuminate\\Database\\Connection->run()
#2 /mnt/c/Users/user/Documents/laravel/hannibal/Hannibal-laravel/backend/vendor/laravel/framework/src/Illuminate/Database/Connection.php(401): Illuminate\\Database\\Connection->select()
#3 /mnt/c/Users/user/Documents/laravel/hannibal/Hannibal-laravel/backend/vendor/laravel/framework/src/Illuminate/Database/Schema/MySqlBuilder.php(41): Illuminate\\Database\\Connection->selectFromWriteConnection()
#4 /mnt/c/Users/user/Documents/laravel/hannibal/Hannibal-laravel/backend/vendor/laravel/framework/src/Illuminate/Database/Schema/Builder.php(165): Illuminate\\Database\\Schema\\MySqlBuilder->getTables()
#5 /mnt/c/Users/user/Documents/laravel/hannibal/Hannibal-laravel/backend/vendor/laravel/framework/src/Illuminate/Database/Migrations/DatabaseMigrationRepository.php(184): Illuminate\\Database\\Schema\\Builder->hasTable()
#6 /mnt/c/Users/user/Documents/laravel/hannibal/Hannibal-laravel/backend/vendor/laravel/framework/src/Illuminate/Database/Migrations/Migrator.php(700): Illuminate\\Database\\Migrations\\DatabaseMigrationRepository->repositoryExists()
#7 /mnt/c/Users/user/Documents/laravel/hannibal/Hannibal-laravel/backend/vendor/laravel/framework/src/Illuminate/Database/Console/Migrations/MigrateCommand.php(140): Illuminate\\Database\\Migrations\\Migrator->repositoryExists()
#8 /mnt/c/Users/user/Documents/laravel/hannibal/Hannibal-laravel/backend/vendor/laravel/framework/src/Illuminate/Support/helpers.php(248): Illuminate\\Database\\Console\\Migrations\\MigrateCommand->Illuminate\\Database\\Console\\Migrations\\{closure}()
#9 /mnt/c/Users/user/Documents/laravel/hannibal/Hannibal-laravel/backend/vendor/laravel/framework/src/Illuminate/Database/Console/Migrations/MigrateCommand.php(140): retry()
#10 /mnt/c/Users/user/Documents/laravel/hannibal/Hannibal-laravel/backend/vendor/laravel/framework/src/Illuminate/Database/Console/Migrations/MigrateCommand.php(116): Illuminate\\Database\\Console\\Migrations\\MigrateCommand->repositoryExists()
#11 /mnt/c/Users/user/Documents/laravel/hannibal/Hannibal-laravel/backend/vendor/laravel/framework/src/Illuminate/Database/Console/Migrations/MigrateCommand.php(84): Illuminate\\Database\\Console\\Migrations\\MigrateCommand->prepareDatabase()
#12 /mnt/c/Users/user/Documents/laravel/hannibal/Hannibal-laravel/backend/vendor/laravel/framework/src/Illuminate/Database/Migrations/Migrator.php(633): Illuminate\\Database\\Console\\Migrations\\MigrateCommand->Illuminate\\Database\\Console\\Migrations\\{closure}()
#13 /mnt/c/Users/user/Documents/laravel/hannibal/Hannibal-laravel/backend/vendor/laravel/framework/src/Illuminate/Database/Console/Migrations/MigrateCommand.php(83): Illuminate\\Database\\Migrations\\Migrator->usingConnection()
#14 /mnt/c/Users/user/Documents/laravel/hannibal/Hannibal-laravel/backend/vendor/laravel/framework/src/Illuminate/Container/BoundMethod.php(36): Illuminate\\Database\\Console\\Migrations\\MigrateCommand->handle()
#15 /mnt/c/Users/user/Documents/laravel/hannibal/Hannibal-laravel/backend/vendor/laravel/framework/src/Illuminate/Container/Util.php(41): Illuminate\\Container\\BoundMethod::Illuminate\\Container\\{closure}()
#16 /mnt/c/Users/user/Documents/laravel/hannibal/Hannibal-laravel/backend/vendor/laravel/framework/src/Illuminate/Container/BoundMethod.php(93): Illuminate\\Container\\Util::unwrapIfClosure()
#17 /mnt/c/Users/user/Documents/laravel/hannibal/Hannibal-laravel/backend/vendor/laravel/framework/src/Illuminate/Container/BoundMethod.php(35): Illuminate\\Container\\BoundMethod::callBoundMethod()
#18 /mnt/c/Users/user/Documents/laravel/hannibal/Hannibal-laravel/backend/vendor/laravel/framework/src/Illuminate/Container/Container.php(662): Illuminate\\Container\\BoundMethod::call()
#19 /mnt/c/Users/user/Documents/laravel/hannibal/Hannibal-laravel/backend/vendor/laravel/framework/src/Illuminate/Console/Command.php(211): Illuminate\\Container\\Container->call()
#20 /mnt/c/Users/user/Documents/laravel/hannibal/Hannibal-laravel/backend/vendor/symfony/console/Command/Command.php(326): Illuminate\\Console\\Command->execute()
#21 /mnt/c/Users/user/Documents/laravel/hannibal/Hannibal-laravel/backend/vendor/laravel/framework/src/Illuminate/Console/Command.php(180): Symfony\\Component\\Console\\Command\\Command->run()
#22 /mnt/c/Users/user/Documents/laravel/hannibal/Hannibal-laravel/backend/vendor/symfony/console/Application.php(1096): Illuminate\\Console\\Command->run()
#23 /mnt/c/Users/user/Documents/laravel/hannibal/Hannibal-laravel/backend/vendor/symfony/console/Application.php(324): Symfony\\Component\\Console\\Application->doRunCommand()
#24 /mnt/c/Users/user/Documents/laravel/hannibal/Hannibal-laravel/backend/vendor/symfony/console/Application.php(175): Symfony\\Component\\Console\\Application->doRun()
#25 /mnt/c/Users/user/Documents/laravel/hannibal/Hannibal-laravel/backend/vendor/laravel/framework/src/Illuminate/Foundation/Console/Kernel.php(201): Symfony\\Component\\Console\\Application->run()
#26 /mnt/c/Users/user/Documents/laravel/hannibal/Hannibal-laravel/backend/artisan(35): Illuminate\\Foundation\\Console\\Kernel->handle()
#27 {main}

[previous exception] [object] (PDOException(code: 0): could not find driver at /mnt/c/Users/user/Documents/laravel/hannibal/Hannibal-laravel/backend/vendor/laravel/framework/src/Illuminate/Database/Connectors/Connector.php:65)
[stacktrace]
#0 /mnt/c/Users/user/Documents/laravel/hannibal/Hannibal-laravel/backend/vendor/laravel/framework/src/Illuminate/Database/Connectors/Connector.php(65): PDO->__construct()
#1 /mnt/c/Users/user/Documents/laravel/hannibal/Hannibal-laravel/backend/vendor/laravel/framework/src/Illuminate/Database/Connectors/Connector.php(44): Illuminate\\Database\\Connectors\\Connector->createPdoConnection()
#2 /mnt/c/Users/user/Documents/laravel/hannibal/Hannibal-laravel/backend/vendor/laravel/framework/src/Illuminate/Database/Connectors/MySqlConnector.php(24): Illuminate\\Database\\Connectors\\Connector->createConnection()
#3 /mnt/c/Users/user/Documents/laravel/hannibal/Hannibal-laravel/backend/vendor/laravel/framework/src/Illuminate/Database/Connectors/ConnectionFactory.php(184): Illuminate\\Database\\Connectors\\MySqlConnector->connect()
#4 [internal function]: Illuminate\\Database\\Connectors\\ConnectionFactory->Illuminate\\Database\\Connectors\\{closure}()
#5 /mnt/c/Users/user/Documents/laravel/hannibal/Hannibal-laravel/backend/vendor/laravel/framework/src/Illuminate/Database/Connection.php(1339): call_user_func()
#6 /mnt/c/Users/user/Documents/laravel/hannibal/Hannibal-laravel/backend/vendor/laravel/framework/src/Illuminate/Database/Connection.php(528): Illuminate\\Database\\Connection->getPdo()
#7 /mnt/c/Users/user/Documents/laravel/hannibal/Hannibal-laravel/backend/vendor/laravel/framework/src/Illuminate/Database/Connection.php(423): Illuminate\\Database\\Connection->getPdoForSelect()
#8 /mnt/c/Users/user/Documents/laravel/hannibal/Hannibal-laravel/backend/vendor/laravel/framework/src/Illuminate/Database/Connection.php(816): Illuminate\\Database\\Connection->Illuminate\\Database\\{closure}()
#9 /mnt/c/Users/user/Documents/laravel/hannibal/Hannibal-laravel/backend/vendor/laravel/framework/src/Illuminate/Database/Connection.php(783): Illuminate\\Database\\Connection->runQueryCallback()
#10 /mnt/c/Users/user/Documents/laravel/hannibal/Hannibal-laravel/backend/vendor/laravel/framework/src/Illuminate/Database/Connection.php(414): Illuminate\\Database\\Connection->run()
#11 /mnt/c/Users/user/Documents/laravel/hannibal/Hannibal-laravel/backend/vendor/laravel/framework/src/Illuminate/Database/Connection.php(401): Illuminate\\Database\\Connection->select()
#12 /mnt/c/Users/user/Documents/laravel/hannibal/Hannibal-laravel/backend/vendor/laravel/framework/src/Illuminate/Database/Schema/MySqlBuilder.php(41): Illuminate\\Database\\Connection->selectFromWriteConnection()
#13 /mnt/c/Users/user/Documents/laravel/hannibal/Hannibal-laravel/backend/vendor/laravel/framework/src/Illuminate/Database/Schema/Builder.php(165): Illuminate\\Database\\Schema\\MySqlBuilder->getTables()
#14 /mnt/c/Users/user/Documents/laravel/hannibal/Hannibal-laravel/backend/vendor/laravel/framework/src/Illuminate/Database/Migrations/DatabaseMigrationRepository.php(184): Illuminate\\Database\\Schema\\Builder->hasTable()
#15 /mnt/c/Users/user/Documents/laravel/hannibal/Hannibal-laravel/backend/vendor/laravel/framework/src/Illuminate/Database/Migrations/Migrator.php(700): Illuminate\\Database\\Migrations\\DatabaseMigrationRepository->repositoryExists()
#16 /mnt/c/Users/user/Documents/laravel/hannibal/Hannibal-laravel/backend/vendor/laravel/framework/src/Illuminate/Database/Console/Migrations/MigrateCommand.php(140): Illuminate\\Database\\Migrations\\Migrator->repositoryExists()
#17 /mnt/c/Users/user/Documents/laravel/hannibal/Hannibal-laravel/backend/vendor/laravel/framework/src/Illuminate/Support/helpers.php(248): Illuminate\\Database\\Console\\Migrations\\MigrateCommand->Illuminate\\Database\\Console\\Migrations\\{closure}()
#18 /mnt/c/Users/user/Documents/laravel/hannibal/Hannibal-laravel/backend/vendor/laravel/framework/src/Illuminate/Database/Console/Migrations/MigrateCommand.php(140): retry()
#19 /mnt/c/Users/user/Documents/laravel/hannibal/Hannibal-laravel/backend/vendor/laravel/framework/src/Illuminate/Database/Console/Migrations/MigrateCommand.php(116): Illuminate\\Database\\Console\\Migrations\\MigrateCommand->repositoryExists()
#20 /mnt/c/Users/user/Documents/laravel/hannibal/Hannibal-laravel/backend/vendor/laravel/framework/src/Illuminate/Database/Console/Migrations/MigrateCommand.php(84): Illuminate\\Database\\Console\\Migrations\\MigrateCommand->prepareDatabase()
#21 /mnt/c/Users/user/Documents/laravel/hannibal/Hannibal-laravel/backend/vendor/laravel/framework/src/Illuminate/Database/Migrations/Migrator.php(633): Illuminate\\Database\\Console\\Migrations\\MigrateCommand->Illuminate\\Database\\Console\\Migrations\\{closure}()
#22 /mnt/c/Users/user/Documents/laravel/hannibal/Hannibal-laravel/backend/vendor/laravel/framework/src/Illuminate/Database/Console/Migrations/MigrateCommand.php(83): Illuminate\\Database\\Migrations\\Migrator->usingConnection()
#23 /mnt/c/Users/user/Documents/laravel/hannibal/Hannibal-laravel/backend/vendor/laravel/framework/src/Illuminate/Container/BoundMethod.php(36): Illuminate\\Database\\Console\\Migrations\\MigrateCommand->handle()
#24 /mnt/c/Users/user/Documents/laravel/hannibal/Hannibal-laravel/backend/vendor/laravel/framework/src/Illuminate/Container/Util.php(41): Illuminate\\Container\\BoundMethod::Illuminate\\Container\\{closure}()
#25 /mnt/c/Users/user/Documents/laravel/hannibal/Hannibal-laravel/backend/vendor/laravel/framework/src/Illuminate/Container/BoundMethod.php(93): Illuminate\\Container\\Util::unwrapIfClosure()
#26 /mnt/c/Users/user/Documents/laravel/hannibal/Hannibal-laravel/backend/vendor/laravel/framework/src/Illuminate/Container/BoundMethod.php(35): Illuminate\\Container\\BoundMethod::callBoundMethod()
#27 /mnt/c/Users/user/Documents/laravel/hannibal/Hannibal-laravel/backend/vendor/laravel/framework/src/Illuminate/Container/Container.php(662): Illuminate\\Container\\BoundMethod::call()
#28 /mnt/c/Users/user/Documents/laravel/hannibal/Hannibal-laravel/backend/vendor/laravel/framework/src/Illuminate/Console/Command.php(211): Illuminate\\Container\\Container->call()
#29 /mnt/c/Users/user/Documents/laravel/hannibal/Hannibal-laravel/backend/vendor/symfony/console/Command/Command.php(326): Illuminate\\Console\\Command->execute()
#30 /mnt/c/Users/user/Documents/laravel/hannibal/Hannibal-laravel/backend/vendor/laravel/framework/src/Illuminate/Console/Command.php(180): Symfony\\Component\\Console\\Command\\Command->run()
#31 /mnt/c/Users/user/Documents/laravel/hannibal/Hannibal-laravel/backend/vendor/symfony/console/Application.php(1096): Illuminate\\Console\\Command->run()
#32 /mnt/c/Users/user/Documents/laravel/hannibal/Hannibal-laravel/backend/vendor/symfony/console/Application.php(324): Symfony\\Component\\Console\\Application->doRunCommand()
#33 /mnt/c/Users/user/Documents/laravel/hannibal/Hannibal-laravel/backend/vendor/symfony/console/Application.php(175): Symfony\\Component\\Console\\Application->doRun()
#34 /mnt/c/Users/user/Documents/laravel/hannibal/Hannibal-laravel/backend/vendor/laravel/framework/src/Illuminate/Foundation/Console/Kernel.php(201): Symfony\\Component\\Console\\Application->run()
#35 /mnt/c/Users/user/Documents/laravel/hannibal/Hannibal-laravel/backend/artisan(35): Illuminate\\Foundation\\Console\\Kernel->handle()
#36 {main}
"} 
[2024-02-20 11:08:23] local.ERROR: could not find driver (Connection: mysql, SQL: select table_name as `name`, (data_length + index_length) as `size`, table_comment as `comment`, engine as `engine`, table_collation as `collation` from information_schema.tables where table_schema = 'ecommercewebsite' and table_type in ('BASE TABLE', 'SYSTEM VERSIONED') order by table_name) {"exception":"[object] (Illuminate\\Database\\QueryException(code: 0): could not find driver (Connection: mysql, SQL: select table_name as `name`, (data_length + index_length) as `size`, table_comment as `comment`, engine as `engine`, table_collation as `collation` from information_schema.tables where table_schema = 'ecommercewebsite' and table_type in ('BASE TABLE', 'SYSTEM VERSIONED') order by table_name) at /mnt/c/Users/user/Documents/laravel/hannibal/Hannibal-laravel/backend/vendor/laravel/framework/src/Illuminate/Database/Connection.php:829)
[stacktrace]
#0 /mnt/c/Users/user/Documents/laravel/hannibal/Hannibal-laravel/backend/vendor/laravel/framework/src/Illuminate/Database/Connection.php(783): Illuminate\\Database\\Connection->runQueryCallback()
#1 /mnt/c/Users/user/Documents/laravel/hannibal/Hannibal-laravel/backend/vendor/laravel/framework/src/Illuminate/Database/Connection.php(414): Illuminate\\Database\\Connection->run()
#2 /mnt/c/Users/user/Documents/laravel/hannibal/Hannibal-laravel/backend/vendor/laravel/framework/src/Illuminate/Database/Connection.php(401): Illuminate\\Database\\Connection->select()
#3 /mnt/c/Users/user/Documents/laravel/hannibal/Hannibal-laravel/backend/vendor/laravel/framework/src/Illuminate/Database/Schema/MySqlBuilder.php(41): Illuminate\\Database\\Connection->selectFromWriteConnection()
#4 /mnt/c/Users/user/Documents/laravel/hannibal/Hannibal-laravel/backend/vendor/laravel/framework/src/Illuminate/Database/Schema/Builder.php(165): Illuminate\\Database\\Schema\\MySqlBuilder->getTables()
#5 /mnt/c/Users/user/Documents/laravel/hannibal/Hannibal-laravel/backend/vendor/laravel/framework/src/Illuminate/Database/Migrations/DatabaseMigrationRepository.php(184): Illuminate\\Database\\Schema\\Builder->hasTable()
#6 /mnt/c/Users/user/Documents/laravel/hannibal/Hannibal-laravel/backend/vendor/laravel/framework/src/Illuminate/Database/Migrations/Migrator.php(700): Illuminate\\Database\\Migrations\\DatabaseMigrationRepository->repositoryExists()
#7 /mnt/c/Users/user/Documents/laravel/hannibal/Hannibal-laravel/backend/vendor/laravel/framework/src/Illuminate/Database/Console/Migrations/MigrateCommand.php(140): Illuminate\\Database\\Migrations\\Migrator->repositoryExists()
#8 /mnt/c/Users/user/Documents/laravel/hannibal/Hannibal-laravel/backend/vendor/laravel/framework/src/Illuminate/Support/helpers.php(248): Illuminate\\Database\\Console\\Migrations\\MigrateCommand->Illuminate\\Database\\Console\\Migrations\\{closure}()
#9 /mnt/c/Users/user/Documents/laravel/hannibal/Hannibal-laravel/backend/vendor/laravel/framework/src/Illuminate/Database/Console/Migrations/MigrateCommand.php(140): retry()
#10 /mnt/c/Users/user/Documents/laravel/hannibal/Hannibal-laravel/backend/vendor/laravel/framework/src/Illuminate/Database/Console/Migrations/MigrateCommand.php(116): Illuminate\\Database\\Console\\Migrations\\MigrateCommand->repositoryExists()
#11 /mnt/c/Users/user/Documents/laravel/hannibal/Hannibal-laravel/backend/vendor/laravel/framework/src/Illuminate/Database/Console/Migrations/MigrateCommand.php(84): Illuminate\\Database\\Console\\Migrations\\MigrateCommand->prepareDatabase()
#12 /mnt/c/Users/user/Documents/laravel/hannibal/Hannibal-laravel/backend/vendor/laravel/framework/src/Illuminate/Database/Migrations/Migrator.php(633): Illuminate\\Database\\Console\\Migrations\\MigrateCommand->Illuminate\\Database\\Console\\Migrations\\{closure}()
#13 /mnt/c/Users/user/Documents/laravel/hannibal/Hannibal-laravel/backend/vendor/laravel/framework/src/Illuminate/Database/Console/Migrations/MigrateCommand.php(83): Illuminate\\Database\\Migrations\\Migrator->usingConnection()
#14 /mnt/c/Users/user/Documents/laravel/hannibal/Hannibal-laravel/backend/vendor/laravel/framework/src/Illuminate/Container/BoundMethod.php(36): Illuminate\\Database\\Console\\Migrations\\MigrateCommand->handle()
#15 /mnt/c/Users/user/Documents/laravel/hannibal/Hannibal-laravel/backend/vendor/laravel/framework/src/Illuminate/Container/Util.php(41): Illuminate\\Container\\BoundMethod::Illuminate\\Container\\{closure}()
#16 /mnt/c/Users/user/Documents/laravel/hannibal/Hannibal-laravel/backend/vendor/laravel/framework/src/Illuminate/Container/BoundMethod.php(93): Illuminate\\Container\\Util::unwrapIfClosure()
#17 /mnt/c/Users/user/Documents/laravel/hannibal/Hannibal-laravel/backend/vendor/laravel/framework/src/Illuminate/Container/BoundMethod.php(35): Illuminate\\Container\\BoundMethod::callBoundMethod()
#18 /mnt/c/Users/user/Documents/laravel/hannibal/Hannibal-laravel/backend/vendor/laravel/framework/src/Illuminate/Container/Container.php(662): Illuminate\\Container\\BoundMethod::call()
#19 /mnt/c/Users/user/Documents/laravel/hannibal/Hannibal-laravel/backend/vendor/laravel/framework/src/Illuminate/Console/Command.php(211): Illuminate\\Container\\Container->call()
#20 /mnt/c/Users/user/Documents/laravel/hannibal/Hannibal-laravel/backend/vendor/symfony/console/Command/Command.php(326): Illuminate\\Console\\Command->execute()
#21 /mnt/c/Users/user/Documents/laravel/hannibal/Hannibal-laravel/backend/vendor/laravel/framework/src/Illuminate/Console/Command.php(180): Symfony\\Component\\Console\\Command\\Command->run()
#22 /mnt/c/Users/user/Documents/laravel/hannibal/Hannibal-laravel/backend/vendor/symfony/console/Application.php(1096): Illuminate\\Console\\Command->run()
#23 /mnt/c/Users/user/Documents/laravel/hannibal/Hannibal-laravel/backend/vendor/symfony/console/Application.php(324): Symfony\\Component\\Console\\Application->doRunCommand()
#24 /mnt/c/Users/user/Documents/laravel/hannibal/Hannibal-laravel/backend/vendor/symfony/console/Application.php(175): Symfony\\Component\\Console\\Application->doRun()
#25 /mnt/c/Users/user/Documents/laravel/hannibal/Hannibal-laravel/backend/vendor/laravel/framework/src/Illuminate/Foundation/Console/Kernel.php(201): Symfony\\Component\\Console\\Application->run()
#26 /mnt/c/Users/user/Documents/laravel/hannibal/Hannibal-laravel/backend/artisan(35): Illuminate\\Foundation\\Console\\Kernel->handle()
#27 {main}

[previous exception] [object] (PDOException(code: 0): could not find driver at /mnt/c/Users/user/Documents/laravel/hannibal/Hannibal-laravel/backend/vendor/laravel/framework/src/Illuminate/Database/Connectors/Connector.php:65)
[stacktrace]
#0 /mnt/c/Users/user/Documents/laravel/hannibal/Hannibal-laravel/backend/vendor/laravel/framework/src/Illuminate/Database/Connectors/Connector.php(65): PDO->__construct()
#1 /mnt/c/Users/user/Documents/laravel/hannibal/Hannibal-laravel/backend/vendor/laravel/framework/src/Illuminate/Database/Connectors/Connector.php(44): Illuminate\\Database\\Connectors\\Connector->createPdoConnection()
#2 /mnt/c/Users/user/Documents/laravel/hannibal/Hannibal-laravel/backend/vendor/laravel/framework/src/Illuminate/Database/Connectors/MySqlConnector.php(24): Illuminate\\Database\\Connectors\\Connector->createConnection()
#3 /mnt/c/Users/user/Documents/laravel/hannibal/Hannibal-laravel/backend/vendor/laravel/framework/src/Illuminate/Database/Connectors/ConnectionFactory.php(184): Illuminate\\Database\\Connectors\\MySqlConnector->connect()
#4 [internal function]: Illuminate\\Database\\Connectors\\ConnectionFactory->Illuminate\\Database\\Connectors\\{closure}()
#5 /mnt/c/Users/user/Documents/laravel/hannibal/Hannibal-laravel/backend/vendor/laravel/framework/src/Illuminate/Database/Connection.php(1339): call_user_func()
#6 /mnt/c/Users/user/Documents/laravel/hannibal/Hannibal-laravel/backend/vendor/laravel/framework/src/Illuminate/Database/Connection.php(528): Illuminate\\Database\\Connection->getPdo()
#7 /mnt/c/Users/user/Documents/laravel/hannibal/Hannibal-laravel/backend/vendor/laravel/framework/src/Illuminate/Database/Connection.php(423): Illuminate\\Database\\Connection->getPdoForSelect()
#8 /mnt/c/Users/user/Documents/laravel/hannibal/Hannibal-laravel/backend/vendor/laravel/framework/src/Illuminate/Database/Connection.php(816): Illuminate\\Database\\Connection->Illuminate\\Database\\{closure}()
#9 /mnt/c/Users/user/Documents/laravel/hannibal/Hannibal-laravel/backend/vendor/laravel/framework/src/Illuminate/Database/Connection.php(783): Illuminate\\Database\\Connection->runQueryCallback()
#10 /mnt/c/Users/user/Documents/laravel/hannibal/Hannibal-laravel/backend/vendor/laravel/framework/src/Illuminate/Database/Connection.php(414): Illuminate\\Database\\Connection->run()
#11 /mnt/c/Users/user/Documents/laravel/hannibal/Hannibal-laravel/backend/vendor/laravel/framework/src/Illuminate/Database/Connection.php(401): Illuminate\\Database\\Connection->select()
#12 /mnt/c/Users/user/Documents/laravel/hannibal/Hannibal-laravel/backend/vendor/laravel/framework/src/Illuminate/Database/Schema/MySqlBuilder.php(41): Illuminate\\Database\\Connection->selectFromWriteConnection()
#13 /mnt/c/Users/user/Documents/laravel/hannibal/Hannibal-laravel/backend/vendor/laravel/framework/src/Illuminate/Database/Schema/Builder.php(165): Illuminate\\Database\\Schema\\MySqlBuilder->getTables()
#14 /mnt/c/Users/user/Documents/laravel/hannibal/Hannibal-laravel/backend/vendor/laravel/framework/src/Illuminate/Database/Migrations/DatabaseMigrationRepository.php(184): Illuminate\\Database\\Schema\\Builder->hasTable()
#15 /mnt/c/Users/user/Documents/laravel/hannibal/Hannibal-laravel/backend/vendor/laravel/framework/src/Illuminate/Database/Migrations/Migrator.php(700): Illuminate\\Database\\Migrations\\DatabaseMigrationRepository->repositoryExists()
#16 /mnt/c/Users/user/Documents/laravel/hannibal/Hannibal-laravel/backend/vendor/laravel/framework/src/Illuminate/Database/Console/Migrations/MigrateCommand.php(140): Illuminate\\Database\\Migrations\\Migrator->repositoryExists()
#17 /mnt/c/Users/user/Documents/laravel/hannibal/Hannibal-laravel/backend/vendor/laravel/framework/src/Illuminate/Support/helpers.php(248): Illuminate\\Database\\Console\\Migrations\\MigrateCommand->Illuminate\\Database\\Console\\Migrations\\{closure}()
#18 /mnt/c/Users/user/Documents/laravel/hannibal/Hannibal-laravel/backend/vendor/laravel/framework/src/Illuminate/Database/Console/Migrations/MigrateCommand.php(140): retry()
#19 /mnt/c/Users/user/Documents/laravel/hannibal/Hannibal-laravel/backend/vendor/laravel/framework/src/Illuminate/Database/Console/Migrations/MigrateCommand.php(116): Illuminate\\Database\\Console\\Migrations\\MigrateCommand->repositoryExists()
#20 /mnt/c/Users/user/Documents/laravel/hannibal/Hannibal-laravel/backend/vendor/laravel/framework/src/Illuminate/Database/Console/Migrations/MigrateCommand.php(84): Illuminate\\Database\\Console\\Migrations\\MigrateCommand->prepareDatabase()
#21 /mnt/c/Users/user/Documents/laravel/hannibal/Hannibal-laravel/backend/vendor/laravel/framework/src/Illuminate/Database/Migrations/Migrator.php(633): Illuminate\\Database\\Console\\Migrations\\MigrateCommand->Illuminate\\Database\\Console\\Migrations\\{closure}()
#22 /mnt/c/Users/user/Documents/laravel/hannibal/Hannibal-laravel/backend/vendor/laravel/framework/src/Illuminate/Database/Console/Migrations/MigrateCommand.php(83): Illuminate\\Database\\Migrations\\Migrator->usingConnection()
#23 /mnt/c/Users/user/Documents/laravel/hannibal/Hannibal-laravel/backend/vendor/laravel/framework/src/Illuminate/Container/BoundMethod.php(36): Illuminate\\Database\\Console\\Migrations\\MigrateCommand->handle()
#24 /mnt/c/Users/user/Documents/laravel/hannibal/Hannibal-laravel/backend/vendor/laravel/framework/src/Illuminate/Container/Util.php(41): Illuminate\\Container\\BoundMethod::Illuminate\\Container\\{closure}()
#25 /mnt/c/Users/user/Documents/laravel/hannibal/Hannibal-laravel/backend/vendor/laravel/framework/src/Illuminate/Container/BoundMethod.php(93): Illuminate\\Container\\Util::unwrapIfClosure()
#26 /mnt/c/Users/user/Documents/laravel/hannibal/Hannibal-laravel/backend/vendor/laravel/framework/src/Illuminate/Container/BoundMethod.php(35): Illuminate\\Container\\BoundMethod::callBoundMethod()
#27 /mnt/c/Users/user/Documents/laravel/hannibal/Hannibal-laravel/backend/vendor/laravel/framework/src/Illuminate/Container/Container.php(662): Illuminate\\Container\\BoundMethod::call()
#28 /mnt/c/Users/user/Documents/laravel/hannibal/Hannibal-laravel/backend/vendor/laravel/framework/src/Illuminate/Console/Command.php(211): Illuminate\\Container\\Container->call()
#29 /mnt/c/Users/user/Documents/laravel/hannibal/Hannibal-laravel/backend/vendor/symfony/console/Command/Command.php(326): Illuminate\\Console\\Command->execute()
#30 /mnt/c/Users/user/Documents/laravel/hannibal/Hannibal-laravel/backend/vendor/laravel/framework/src/Illuminate/Console/Command.php(180): Symfony\\Component\\Console\\Command\\Command->run()
#31 /mnt/c/Users/user/Documents/laravel/hannibal/Hannibal-laravel/backend/vendor/symfony/console/Application.php(1096): Illuminate\\Console\\Command->run()
#32 /mnt/c/Users/user/Documents/laravel/hannibal/Hannibal-laravel/backend/vendor/symfony/console/Application.php(324): Symfony\\Component\\Console\\Application->doRunCommand()
#33 /mnt/c/Users/user/Documents/laravel/hannibal/Hannibal-laravel/backend/vendor/symfony/console/Application.php(175): Symfony\\Component\\Console\\Application->doRun()
#34 /mnt/c/Users/user/Documents/laravel/hannibal/Hannibal-laravel/backend/vendor/laravel/framework/src/Illuminate/Foundation/Console/Kernel.php(201): Symfony\\Component\\Console\\Application->run()
#35 /mnt/c/Users/user/Documents/laravel/hannibal/Hannibal-laravel/backend/artisan(35): Illuminate\\Foundation\\Console\\Kernel->handle()
#36 {main}
"} 
[2024-02-20 11:08:36] local.ERROR: could not find driver (Connection: mysql, SQL: select table_name as `name`, (data_length + index_length) as `size`, table_comment as `comment`, engine as `engine`, table_collation as `collation` from information_schema.tables where table_schema = 'ecommercewebsite' and table_type in ('BASE TABLE', 'SYSTEM VERSIONED') order by table_name) {"exception":"[object] (Illuminate\\Database\\QueryException(code: 0): could not find driver (Connection: mysql, SQL: select table_name as `name`, (data_length + index_length) as `size`, table_comment as `comment`, engine as `engine`, table_collation as `collation` from information_schema.tables where table_schema = 'ecommercewebsite' and table_type in ('BASE TABLE', 'SYSTEM VERSIONED') order by table_name) at /mnt/c/Users/user/Documents/laravel/hannibal/Hannibal-laravel/backend/vendor/laravel/framework/src/Illuminate/Database/Connection.php:829)
[stacktrace]
#0 /mnt/c/Users/user/Documents/laravel/hannibal/Hannibal-laravel/backend/vendor/laravel/framework/src/Illuminate/Database/Connection.php(783): Illuminate\\Database\\Connection->runQueryCallback()
#1 /mnt/c/Users/user/Documents/laravel/hannibal/Hannibal-laravel/backend/vendor/laravel/framework/src/Illuminate/Database/Connection.php(414): Illuminate\\Database\\Connection->run()
#2 /mnt/c/Users/user/Documents/laravel/hannibal/Hannibal-laravel/backend/vendor/laravel/framework/src/Illuminate/Database/Connection.php(401): Illuminate\\Database\\Connection->select()
#3 /mnt/c/Users/user/Documents/laravel/hannibal/Hannibal-laravel/backend/vendor/laravel/framework/src/Illuminate/Database/Schema/MySqlBuilder.php(41): Illuminate\\Database\\Connection->selectFromWriteConnection()
#4 /mnt/c/Users/user/Documents/laravel/hannibal/Hannibal-laravel/backend/vendor/laravel/framework/src/Illuminate/Database/Schema/Builder.php(165): Illuminate\\Database\\Schema\\MySqlBuilder->getTables()
#5 /mnt/c/Users/user/Documents/laravel/hannibal/Hannibal-laravel/backend/vendor/laravel/framework/src/Illuminate/Database/Migrations/DatabaseMigrationRepository.php(184): Illuminate\\Database\\Schema\\Builder->hasTable()
#6 /mnt/c/Users/user/Documents/laravel/hannibal/Hannibal-laravel/backend/vendor/laravel/framework/src/Illuminate/Database/Migrations/Migrator.php(700): Illuminate\\Database\\Migrations\\DatabaseMigrationRepository->repositoryExists()
#7 /mnt/c/Users/user/Documents/laravel/hannibal/Hannibal-laravel/backend/vendor/laravel/framework/src/Illuminate/Database/Console/Migrations/MigrateCommand.php(140): Illuminate\\Database\\Migrations\\Migrator->repositoryExists()
#8 /mnt/c/Users/user/Documents/laravel/hannibal/Hannibal-laravel/backend/vendor/laravel/framework/src/Illuminate/Support/helpers.php(248): Illuminate\\Database\\Console\\Migrations\\MigrateCommand->Illuminate\\Database\\Console\\Migrations\\{closure}()
#9 /mnt/c/Users/user/Documents/laravel/hannibal/Hannibal-laravel/backend/vendor/laravel/framework/src/Illuminate/Database/Console/Migrations/MigrateCommand.php(140): retry()
#10 /mnt/c/Users/user/Documents/laravel/hannibal/Hannibal-laravel/backend/vendor/laravel/framework/src/Illuminate/Database/Console/Migrations/MigrateCommand.php(116): Illuminate\\Database\\Console\\Migrations\\MigrateCommand->repositoryExists()
#11 /mnt/c/Users/user/Documents/laravel/hannibal/Hannibal-laravel/backend/vendor/laravel/framework/src/Illuminate/Database/Console/Migrations/MigrateCommand.php(84): Illuminate\\Database\\Console\\Migrations\\MigrateCommand->prepareDatabase()
#12 /mnt/c/Users/user/Documents/laravel/hannibal/Hannibal-laravel/backend/vendor/laravel/framework/src/Illuminate/Database/Migrations/Migrator.php(633): Illuminate\\Database\\Console\\Migrations\\MigrateCommand->Illuminate\\Database\\Console\\Migrations\\{closure}()
#13 /mnt/c/Users/user/Documents/laravel/hannibal/Hannibal-laravel/backend/vendor/laravel/framework/src/Illuminate/Database/Console/Migrations/MigrateCommand.php(83): Illuminate\\Database\\Migrations\\Migrator->usingConnection()
#14 /mnt/c/Users/user/Documents/laravel/hannibal/Hannibal-laravel/backend/vendor/laravel/framework/src/Illuminate/Container/BoundMethod.php(36): Illuminate\\Database\\Console\\Migrations\\MigrateCommand->handle()
#15 /mnt/c/Users/user/Documents/laravel/hannibal/Hannibal-laravel/backend/vendor/laravel/framework/src/Illuminate/Container/Util.php(41): Illuminate\\Container\\BoundMethod::Illuminate\\Container\\{closure}()
#16 /mnt/c/Users/user/Documents/laravel/hannibal/Hannibal-laravel/backend/vendor/laravel/framework/src/Illuminate/Container/BoundMethod.php(93): Illuminate\\Container\\Util::unwrapIfClosure()
#17 /mnt/c/Users/user/Documents/laravel/hannibal/Hannibal-laravel/backend/vendor/laravel/framework/src/Illuminate/Container/BoundMethod.php(35): Illuminate\\Container\\BoundMethod::callBoundMethod()
#18 /mnt/c/Users/user/Documents/laravel/hannibal/Hannibal-laravel/backend/vendor/laravel/framework/src/Illuminate/Container/Container.php(662): Illuminate\\Container\\BoundMethod::call()
#19 /mnt/c/Users/user/Documents/laravel/hannibal/Hannibal-laravel/backend/vendor/laravel/framework/src/Illuminate/Console/Command.php(211): Illuminate\\Container\\Container->call()
#20 /mnt/c/Users/user/Documents/laravel/hannibal/Hannibal-laravel/backend/vendor/symfony/console/Command/Command.php(326): Illuminate\\Console\\Command->execute()
#21 /mnt/c/Users/user/Documents/laravel/hannibal/Hannibal-laravel/backend/vendor/laravel/framework/src/Illuminate/Console/Command.php(180): Symfony\\Component\\Console\\Command\\Command->run()
#22 /mnt/c/Users/user/Documents/laravel/hannibal/Hannibal-laravel/backend/vendor/symfony/console/Application.php(1096): Illuminate\\Console\\Command->run()
#23 /mnt/c/Users/user/Documents/laravel/hannibal/Hannibal-laravel/backend/vendor/symfony/console/Application.php(324): Symfony\\Component\\Console\\Application->doRunCommand()
#24 /mnt/c/Users/user/Documents/laravel/hannibal/Hannibal-laravel/backend/vendor/symfony/console/Application.php(175): Symfony\\Component\\Console\\Application->doRun()
#25 /mnt/c/Users/user/Documents/laravel/hannibal/Hannibal-laravel/backend/vendor/laravel/framework/src/Illuminate/Foundation/Console/Kernel.php(201): Symfony\\Component\\Console\\Application->run()
#26 /mnt/c/Users/user/Documents/laravel/hannibal/Hannibal-laravel/backend/artisan(35): Illuminate\\Foundation\\Console\\Kernel->handle()
#27 {main}

[previous exception] [object] (PDOException(code: 0): could not find driver at /mnt/c/Users/user/Documents/laravel/hannibal/Hannibal-laravel/backend/vendor/laravel/framework/src/Illuminate/Database/Connectors/Connector.php:65)
[stacktrace]
#0 /mnt/c/Users/user/Documents/laravel/hannibal/Hannibal-laravel/backend/vendor/laravel/framework/src/Illuminate/Database/Connectors/Connector.php(65): PDO->__construct()
#1 /mnt/c/Users/user/Documents/laravel/hannibal/Hannibal-laravel/backend/vendor/laravel/framework/src/Illuminate/Database/Connectors/Connector.php(44): Illuminate\\Database\\Connectors\\Connector->createPdoConnection()
#2 /mnt/c/Users/user/Documents/laravel/hannibal/Hannibal-laravel/backend/vendor/laravel/framework/src/Illuminate/Database/Connectors/MySqlConnector.php(24): Illuminate\\Database\\Connectors\\Connector->createConnection()
#3 /mnt/c/Users/user/Documents/laravel/hannibal/Hannibal-laravel/backend/vendor/laravel/framework/src/Illuminate/Database/Connectors/ConnectionFactory.php(184): Illuminate\\Database\\Connectors\\MySqlConnector->connect()
#4 [internal function]: Illuminate\\Database\\Connectors\\ConnectionFactory->Illuminate\\Database\\Connectors\\{closure}()
#5 /mnt/c/Users/user/Documents/laravel/hannibal/Hannibal-laravel/backend/vendor/laravel/framework/src/Illuminate/Database/Connection.php(1339): call_user_func()
#6 /mnt/c/Users/user/Documents/laravel/hannibal/Hannibal-laravel/backend/vendor/laravel/framework/src/Illuminate/Database/Connection.php(528): Illuminate\\Database\\Connection->getPdo()
#7 /mnt/c/Users/user/Documents/laravel/hannibal/Hannibal-laravel/backend/vendor/laravel/framework/src/Illuminate/Database/Connection.php(423): Illuminate\\Database\\Connection->getPdoForSelect()
#8 /mnt/c/Users/user/Documents/laravel/hannibal/Hannibal-laravel/backend/vendor/laravel/framework/src/Illuminate/Database/Connection.php(816): Illuminate\\Database\\Connection->Illuminate\\Database\\{closure}()
#9 /mnt/c/Users/user/Documents/laravel/hannibal/Hannibal-laravel/backend/vendor/laravel/framework/src/Illuminate/Database/Connection.php(783): Illuminate\\Database\\Connection->runQueryCallback()
#10 /mnt/c/Users/user/Documents/laravel/hannibal/Hannibal-laravel/backend/vendor/laravel/framework/src/Illuminate/Database/Connection.php(414): Illuminate\\Database\\Connection->run()
#11 /mnt/c/Users/user/Documents/laravel/hannibal/Hannibal-laravel/backend/vendor/laravel/framework/src/Illuminate/Database/Connection.php(401): Illuminate\\Database\\Connection->select()
#12 /mnt/c/Users/user/Documents/laravel/hannibal/Hannibal-laravel/backend/vendor/laravel/framework/src/Illuminate/Database/Schema/MySqlBuilder.php(41): Illuminate\\Database\\Connection->selectFromWriteConnection()
#13 /mnt/c/Users/user/Documents/laravel/hannibal/Hannibal-laravel/backend/vendor/laravel/framework/src/Illuminate/Database/Schema/Builder.php(165): Illuminate\\Database\\Schema\\MySqlBuilder->getTables()
#14 /mnt/c/Users/user/Documents/laravel/hannibal/Hannibal-laravel/backend/vendor/laravel/framework/src/Illuminate/Database/Migrations/DatabaseMigrationRepository.php(184): Illuminate\\Database\\Schema\\Builder->hasTable()
#15 /mnt/c/Users/user/Documents/laravel/hannibal/Hannibal-laravel/backend/vendor/laravel/framework/src/Illuminate/Database/Migrations/Migrator.php(700): Illuminate\\Database\\Migrations\\DatabaseMigrationRepository->repositoryExists()
#16 /mnt/c/Users/user/Documents/laravel/hannibal/Hannibal-laravel/backend/vendor/laravel/framework/src/Illuminate/Database/Console/Migrations/MigrateCommand.php(140): Illuminate\\Database\\Migrations\\Migrator->repositoryExists()
#17 /mnt/c/Users/user/Documents/laravel/hannibal/Hannibal-laravel/backend/vendor/laravel/framework/src/Illuminate/Support/helpers.php(248): Illuminate\\Database\\Console\\Migrations\\MigrateCommand->Illuminate\\Database\\Console\\Migrations\\{closure}()
#18 /mnt/c/Users/user/Documents/laravel/hannibal/Hannibal-laravel/backend/vendor/laravel/framework/src/Illuminate/Database/Console/Migrations/MigrateCommand.php(140): retry()
#19 /mnt/c/Users/user/Documents/laravel/hannibal/Hannibal-laravel/backend/vendor/laravel/framework/src/Illuminate/Database/Console/Migrations/MigrateCommand.php(116): Illuminate\\Database\\Console\\Migrations\\MigrateCommand->repositoryExists()
#20 /mnt/c/Users/user/Documents/laravel/hannibal/Hannibal-laravel/backend/vendor/laravel/framework/src/Illuminate/Database/Console/Migrations/MigrateCommand.php(84): Illuminate\\Database\\Console\\Migrations\\MigrateCommand->prepareDatabase()
#21 /mnt/c/Users/user/Documents/laravel/hannibal/Hannibal-laravel/backend/vendor/laravel/framework/src/Illuminate/Database/Migrations/Migrator.php(633): Illuminate\\Database\\Console\\Migrations\\MigrateCommand->Illuminate\\Database\\Console\\Migrations\\{closure}()
#22 /mnt/c/Users/user/Documents/laravel/hannibal/Hannibal-laravel/backend/vendor/laravel/framework/src/Illuminate/Database/Console/Migrations/MigrateCommand.php(83): Illuminate\\Database\\Migrations\\Migrator->usingConnection()
#23 /mnt/c/Users/user/Documents/laravel/hannibal/Hannibal-laravel/backend/vendor/laravel/framework/src/Illuminate/Container/BoundMethod.php(36): Illuminate\\Database\\Console\\Migrations\\MigrateCommand->handle()
#24 /mnt/c/Users/user/Documents/laravel/hannibal/Hannibal-laravel/backend/vendor/laravel/framework/src/Illuminate/Container/Util.php(41): Illuminate\\Container\\BoundMethod::Illuminate\\Container\\{closure}()
#25 /mnt/c/Users/user/Documents/laravel/hannibal/Hannibal-laravel/backend/vendor/laravel/framework/src/Illuminate/Container/BoundMethod.php(93): Illuminate\\Container\\Util::unwrapIfClosure()
#26 /mnt/c/Users/user/Documents/laravel/hannibal/Hannibal-laravel/backend/vendor/laravel/framework/src/Illuminate/Container/BoundMethod.php(35): Illuminate\\Container\\BoundMethod::callBoundMethod()
#27 /mnt/c/Users/user/Documents/laravel/hannibal/Hannibal-laravel/backend/vendor/laravel/framework/src/Illuminate/Container/Container.php(662): Illuminate\\Container\\BoundMethod::call()
#28 /mnt/c/Users/user/Documents/laravel/hannibal/Hannibal-laravel/backend/vendor/laravel/framework/src/Illuminate/Console/Command.php(211): Illuminate\\Container\\Container->call()
#29 /mnt/c/Users/user/Documents/laravel/hannibal/Hannibal-laravel/backend/vendor/symfony/console/Command/Command.php(326): Illuminate\\Console\\Command->execute()
#30 /mnt/c/Users/user/Documents/laravel/hannibal/Hannibal-laravel/backend/vendor/laravel/framework/src/Illuminate/Console/Command.php(180): Symfony\\Component\\Console\\Command\\Command->run()
#31 /mnt/c/Users/user/Documents/laravel/hannibal/Hannibal-laravel/backend/vendor/symfony/console/Application.php(1096): Illuminate\\Console\\Command->run()
#32 /mnt/c/Users/user/Documents/laravel/hannibal/Hannibal-laravel/backend/vendor/symfony/console/Application.php(324): Symfony\\Component\\Console\\Application->doRunCommand()
#33 /mnt/c/Users/user/Documents/laravel/hannibal/Hannibal-laravel/backend/vendor/symfony/console/Application.php(175): Symfony\\Component\\Console\\Application->doRun()
#34 /mnt/c/Users/user/Documents/laravel/hannibal/Hannibal-laravel/backend/vendor/laravel/framework/src/Illuminate/Foundation/Console/Kernel.php(201): Symfony\\Component\\Console\\Application->run()
#35 /mnt/c/Users/user/Documents/laravel/hannibal/Hannibal-laravel/backend/artisan(35): Illuminate\\Foundation\\Console\\Kernel->handle()
#36 {main}
"} 
[2024-02-20 11:13:40] local.ERROR: could not find driver (Connection: mysql, SQL: select table_name as `name`, (data_length + index_length) as `size`, table_comment as `comment`, engine as `engine`, table_collation as `collation` from information_schema.tables where table_schema = 'ecommercewebsite' and table_type in ('BASE TABLE', 'SYSTEM VERSIONED') order by table_name) {"exception":"[object] (Illuminate\\Database\\QueryException(code: 0): could not find driver (Connection: mysql, SQL: select table_name as `name`, (data_length + index_length) as `size`, table_comment as `comment`, engine as `engine`, table_collation as `collation` from information_schema.tables where table_schema = 'ecommercewebsite' and table_type in ('BASE TABLE', 'SYSTEM VERSIONED') order by table_name) at /mnt/c/Users/user/Documents/laravel/hannibal/Hannibal-laravel/backend/vendor/laravel/framework/src/Illuminate/Database/Connection.php:829)
[stacktrace]
#0 /mnt/c/Users/user/Documents/laravel/hannibal/Hannibal-laravel/backend/vendor/laravel/framework/src/Illuminate/Database/Connection.php(783): Illuminate\\Database\\Connection->runQueryCallback()
#1 /mnt/c/Users/user/Documents/laravel/hannibal/Hannibal-laravel/backend/vendor/laravel/framework/src/Illuminate/Database/Connection.php(414): Illuminate\\Database\\Connection->run()
#2 /mnt/c/Users/user/Documents/laravel/hannibal/Hannibal-laravel/backend/vendor/laravel/framework/src/Illuminate/Database/Connection.php(401): Illuminate\\Database\\Connection->select()
#3 /mnt/c/Users/user/Documents/laravel/hannibal/Hannibal-laravel/backend/vendor/laravel/framework/src/Illuminate/Database/Schema/MySqlBuilder.php(41): Illuminate\\Database\\Connection->selectFromWriteConnection()
#4 /mnt/c/Users/user/Documents/laravel/hannibal/Hannibal-laravel/backend/vendor/laravel/framework/src/Illuminate/Database/Schema/Builder.php(165): Illuminate\\Database\\Schema\\MySqlBuilder->getTables()
#5 /mnt/c/Users/user/Documents/laravel/hannibal/Hannibal-laravel/backend/vendor/laravel/framework/src/Illuminate/Database/Migrations/DatabaseMigrationRepository.php(184): Illuminate\\Database\\Schema\\Builder->hasTable()
#6 /mnt/c/Users/user/Documents/laravel/hannibal/Hannibal-laravel/backend/vendor/laravel/framework/src/Illuminate/Database/Migrations/Migrator.php(700): Illuminate\\Database\\Migrations\\DatabaseMigrationRepository->repositoryExists()
#7 /mnt/c/Users/user/Documents/laravel/hannibal/Hannibal-laravel/backend/vendor/laravel/framework/src/Illuminate/Database/Console/Migrations/MigrateCommand.php(140): Illuminate\\Database\\Migrations\\Migrator->repositoryExists()
#8 /mnt/c/Users/user/Documents/laravel/hannibal/Hannibal-laravel/backend/vendor/laravel/framework/src/Illuminate/Support/helpers.php(248): Illuminate\\Database\\Console\\Migrations\\MigrateCommand->Illuminate\\Database\\Console\\Migrations\\{closure}()
#9 /mnt/c/Users/user/Documents/laravel/hannibal/Hannibal-laravel/backend/vendor/laravel/framework/src/Illuminate/Database/Console/Migrations/MigrateCommand.php(140): retry()
#10 /mnt/c/Users/user/Documents/laravel/hannibal/Hannibal-laravel/backend/vendor/laravel/framework/src/Illuminate/Database/Console/Migrations/MigrateCommand.php(116): Illuminate\\Database\\Console\\Migrations\\MigrateCommand->repositoryExists()
#11 /mnt/c/Users/user/Documents/laravel/hannibal/Hannibal-laravel/backend/vendor/laravel/framework/src/Illuminate/Database/Console/Migrations/MigrateCommand.php(84): Illuminate\\Database\\Console\\Migrations\\MigrateCommand->prepareDatabase()
#12 /mnt/c/Users/user/Documents/laravel/hannibal/Hannibal-laravel/backend/vendor/laravel/framework/src/Illuminate/Database/Migrations/Migrator.php(633): Illuminate\\Database\\Console\\Migrations\\MigrateCommand->Illuminate\\Database\\Console\\Migrations\\{closure}()
#13 /mnt/c/Users/user/Documents/laravel/hannibal/Hannibal-laravel/backend/vendor/laravel/framework/src/Illuminate/Database/Console/Migrations/MigrateCommand.php(83): Illuminate\\Database\\Migrations\\Migrator->usingConnection()
#14 /mnt/c/Users/user/Documents/laravel/hannibal/Hannibal-laravel/backend/vendor/laravel/framework/src/Illuminate/Container/BoundMethod.php(36): Illuminate\\Database\\Console\\Migrations\\MigrateCommand->handle()
#15 /mnt/c/Users/user/Documents/laravel/hannibal/Hannibal-laravel/backend/vendor/laravel/framework/src/Illuminate/Container/Util.php(41): Illuminate\\Container\\BoundMethod::Illuminate\\Container\\{closure}()
#16 /mnt/c/Users/user/Documents/laravel/hannibal/Hannibal-laravel/backend/vendor/laravel/framework/src/Illuminate/Container/BoundMethod.php(93): Illuminate\\Container\\Util::unwrapIfClosure()
#17 /mnt/c/Users/user/Documents/laravel/hannibal/Hannibal-laravel/backend/vendor/laravel/framework/src/Illuminate/Container/BoundMethod.php(35): Illuminate\\Container\\BoundMethod::callBoundMethod()
#18 /mnt/c/Users/user/Documents/laravel/hannibal/Hannibal-laravel/backend/vendor/laravel/framework/src/Illuminate/Container/Container.php(662): Illuminate\\Container\\BoundMethod::call()
#19 /mnt/c/Users/user/Documents/laravel/hannibal/Hannibal-laravel/backend/vendor/laravel/framework/src/Illuminate/Console/Command.php(211): Illuminate\\Container\\Container->call()
#20 /mnt/c/Users/user/Documents/laravel/hannibal/Hannibal-laravel/backend/vendor/symfony/console/Command/Command.php(326): Illuminate\\Console\\Command->execute()
#21 /mnt/c/Users/user/Documents/laravel/hannibal/Hannibal-laravel/backend/vendor/laravel/framework/src/Illuminate/Console/Command.php(180): Symfony\\Component\\Console\\Command\\Command->run()
#22 /mnt/c/Users/user/Documents/laravel/hannibal/Hannibal-laravel/backend/vendor/symfony/console/Application.php(1096): Illuminate\\Console\\Command->run()
#23 /mnt/c/Users/user/Documents/laravel/hannibal/Hannibal-laravel/backend/vendor/symfony/console/Application.php(324): Symfony\\Component\\Console\\Application->doRunCommand()
#24 /mnt/c/Users/user/Documents/laravel/hannibal/Hannibal-laravel/backend/vendor/symfony/console/Application.php(175): Symfony\\Component\\Console\\Application->doRun()
#25 /mnt/c/Users/user/Documents/laravel/hannibal/Hannibal-laravel/backend/vendor/laravel/framework/src/Illuminate/Foundation/Console/Kernel.php(201): Symfony\\Component\\Console\\Application->run()
#26 /mnt/c/Users/user/Documents/laravel/hannibal/Hannibal-laravel/backend/artisan(35): Illuminate\\Foundation\\Console\\Kernel->handle()
#27 {main}

[previous exception] [object] (PDOException(code: 0): could not find driver at /mnt/c/Users/user/Documents/laravel/hannibal/Hannibal-laravel/backend/vendor/laravel/framework/src/Illuminate/Database/Connectors/Connector.php:65)
[stacktrace]
#0 /mnt/c/Users/user/Documents/laravel/hannibal/Hannibal-laravel/backend/vendor/laravel/framework/src/Illuminate/Database/Connectors/Connector.php(65): PDO->__construct()
#1 /mnt/c/Users/user/Documents/laravel/hannibal/Hannibal-laravel/backend/vendor/laravel/framework/src/Illuminate/Database/Connectors/Connector.php(44): Illuminate\\Database\\Connectors\\Connector->createPdoConnection()
#2 /mnt/c/Users/user/Documents/laravel/hannibal/Hannibal-laravel/backend/vendor/laravel/framework/src/Illuminate/Database/Connectors/MySqlConnector.php(24): Illuminate\\Database\\Connectors\\Connector->createConnection()
#3 /mnt/c/Users/user/Documents/laravel/hannibal/Hannibal-laravel/backend/vendor/laravel/framework/src/Illuminate/Database/Connectors/ConnectionFactory.php(184): Illuminate\\Database\\Connectors\\MySqlConnector->connect()
#4 [internal function]: Illuminate\\Database\\Connectors\\ConnectionFactory->Illuminate\\Database\\Connectors\\{closure}()
#5 /mnt/c/Users/user/Documents/laravel/hannibal/Hannibal-laravel/backend/vendor/laravel/framework/src/Illuminate/Database/Connection.php(1339): call_user_func()
#6 /mnt/c/Users/user/Documents/laravel/hannibal/Hannibal-laravel/backend/vendor/laravel/framework/src/Illuminate/Database/Connection.php(528): Illuminate\\Database\\Connection->getPdo()
#7 /mnt/c/Users/user/Documents/laravel/hannibal/Hannibal-laravel/backend/vendor/laravel/framework/src/Illuminate/Database/Connection.php(423): Illuminate\\Database\\Connection->getPdoForSelect()
#8 /mnt/c/Users/user/Documents/laravel/hannibal/Hannibal-laravel/backend/vendor/laravel/framework/src/Illuminate/Database/Connection.php(816): Illuminate\\Database\\Connection->Illuminate\\Database\\{closure}()
#9 /mnt/c/Users/user/Documents/laravel/hannibal/Hannibal-laravel/backend/vendor/laravel/framework/src/Illuminate/Database/Connection.php(783): Illuminate\\Database\\Connection->runQueryCallback()
#10 /mnt/c/Users/user/Documents/laravel/hannibal/Hannibal-laravel/backend/vendor/laravel/framework/src/Illuminate/Database/Connection.php(414): Illuminate\\Database\\Connection->run()
#11 /mnt/c/Users/user/Documents/laravel/hannibal/Hannibal-laravel/backend/vendor/laravel/framework/src/Illuminate/Database/Connection.php(401): Illuminate\\Database\\Connection->select()
#12 /mnt/c/Users/user/Documents/laravel/hannibal/Hannibal-laravel/backend/vendor/laravel/framework/src/Illuminate/Database/Schema/MySqlBuilder.php(41): Illuminate\\Database\\Connection->selectFromWriteConnection()
#13 /mnt/c/Users/user/Documents/laravel/hannibal/Hannibal-laravel/backend/vendor/laravel/framework/src/Illuminate/Database/Schema/Builder.php(165): Illuminate\\Database\\Schema\\MySqlBuilder->getTables()
#14 /mnt/c/Users/user/Documents/laravel/hannibal/Hannibal-laravel/backend/vendor/laravel/framework/src/Illuminate/Database/Migrations/DatabaseMigrationRepository.php(184): Illuminate\\Database\\Schema\\Builder->hasTable()
#15 /mnt/c/Users/user/Documents/laravel/hannibal/Hannibal-laravel/backend/vendor/laravel/framework/src/Illuminate/Database/Migrations/Migrator.php(700): Illuminate\\Database\\Migrations\\DatabaseMigrationRepository->repositoryExists()
#16 /mnt/c/Users/user/Documents/laravel/hannibal/Hannibal-laravel/backend/vendor/laravel/framework/src/Illuminate/Database/Console/Migrations/MigrateCommand.php(140): Illuminate\\Database\\Migrations\\Migrator->repositoryExists()
#17 /mnt/c/Users/user/Documents/laravel/hannibal/Hannibal-laravel/backend/vendor/laravel/framework/src/Illuminate/Support/helpers.php(248): Illuminate\\Database\\Console\\Migrations\\MigrateCommand->Illuminate\\Database\\Console\\Migrations\\{closure}()
#18 /mnt/c/Users/user/Documents/laravel/hannibal/Hannibal-laravel/backend/vendor/laravel/framework/src/Illuminate/Database/Console/Migrations/MigrateCommand.php(140): retry()
#19 /mnt/c/Users/user/Documents/laravel/hannibal/Hannibal-laravel/backend/vendor/laravel/framework/src/Illuminate/Database/Console/Migrations/MigrateCommand.php(116): Illuminate\\Database\\Console\\Migrations\\MigrateCommand->repositoryExists()
#20 /mnt/c/Users/user/Documents/laravel/hannibal/Hannibal-laravel/backend/vendor/laravel/framework/src/Illuminate/Database/Console/Migrations/MigrateCommand.php(84): Illuminate\\Database\\Console\\Migrations\\MigrateCommand->prepareDatabase()
#21 /mnt/c/Users/user/Documents/laravel/hannibal/Hannibal-laravel/backend/vendor/laravel/framework/src/Illuminate/Database/Migrations/Migrator.php(633): Illuminate\\Database\\Console\\Migrations\\MigrateCommand->Illuminate\\Database\\Console\\Migrations\\{closure}()
#22 /mnt/c/Users/user/Documents/laravel/hannibal/Hannibal-laravel/backend/vendor/laravel/framework/src/Illuminate/Database/Console/Migrations/MigrateCommand.php(83): Illuminate\\Database\\Migrations\\Migrator->usingConnection()
#23 /mnt/c/Users/user/Documents/laravel/hannibal/Hannibal-laravel/backend/vendor/laravel/framework/src/Illuminate/Container/BoundMethod.php(36): Illuminate\\Database\\Console\\Migrations\\MigrateCommand->handle()
#24 /mnt/c/Users/user/Documents/laravel/hannibal/Hannibal-laravel/backend/vendor/laravel/framework/src/Illuminate/Container/Util.php(41): Illuminate\\Container\\BoundMethod::Illuminate\\Container\\{closure}()
#25 /mnt/c/Users/user/Documents/laravel/hannibal/Hannibal-laravel/backend/vendor/laravel/framework/src/Illuminate/Container/BoundMethod.php(93): Illuminate\\Container\\Util::unwrapIfClosure()
#26 /mnt/c/Users/user/Documents/laravel/hannibal/Hannibal-laravel/backend/vendor/laravel/framework/src/Illuminate/Container/BoundMethod.php(35): Illuminate\\Container\\BoundMethod::callBoundMethod()
#27 /mnt/c/Users/user/Documents/laravel/hannibal/Hannibal-laravel/backend/vendor/laravel/framework/src/Illuminate/Container/Container.php(662): Illuminate\\Container\\BoundMethod::call()
#28 /mnt/c/Users/user/Documents/laravel/hannibal/Hannibal-laravel/backend/vendor/laravel/framework/src/Illuminate/Console/Command.php(211): Illuminate\\Container\\Container->call()
#29 /mnt/c/Users/user/Documents/laravel/hannibal/Hannibal-laravel/backend/vendor/symfony/console/Command/Command.php(326): Illuminate\\Console\\Command->execute()
#30 /mnt/c/Users/user/Documents/laravel/hannibal/Hannibal-laravel/backend/vendor/laravel/framework/src/Illuminate/Console/Command.php(180): Symfony\\Component\\Console\\Command\\Command->run()
#31 /mnt/c/Users/user/Documents/laravel/hannibal/Hannibal-laravel/backend/vendor/symfony/console/Application.php(1096): Illuminate\\Console\\Command->run()
#32 /mnt/c/Users/user/Documents/laravel/hannibal/Hannibal-laravel/backend/vendor/symfony/console/Application.php(324): Symfony\\Component\\Console\\Application->doRunCommand()
#33 /mnt/c/Users/user/Documents/laravel/hannibal/Hannibal-laravel/backend/vendor/symfony/console/Application.php(175): Symfony\\Component\\Console\\Application->doRun()
#34 /mnt/c/Users/user/Documents/laravel/hannibal/Hannibal-laravel/backend/vendor/laravel/framework/src/Illuminate/Foundation/Console/Kernel.php(201): Symfony\\Component\\Console\\Application->run()
#35 /mnt/c/Users/user/Documents/laravel/hannibal/Hannibal-laravel/backend/artisan(35): Illuminate\\Foundation\\Console\\Kernel->handle()
#36 {main}
"} 
